I'm sorry, but an uncaught exception occurred.

While running game code:
_pickle.PicklingError: Can't pickle <function player_sprite at 0x0000000008955c60>: it's not the same object as store.player_sprite

During handling of the above exception, another exception occurred:

_pickle.PicklingError: Can't pickle <function player_sprite at 0x0000000008955c60>: it's not the same object as store.player_sprite

During handling of the above exception, another exception occurred:

_pickle.PicklingError: Can't pickle <function player_sprite at 0x0000000008955c60>: it's not the same object as store.player_sprite

-- Full Traceback ------------------------------------------------------------

Traceback (most recent call last):
  File "renpy/common/00keymap.rpy", line 504, in script
    python hide:
  File "renpy/ast.py", line 1187, in execute
    renpy.python.py_exec_bytecode(self.code.bytecode, self.hide, store=self.store)
    ~~~~~~~~~~~~~~~~~~~~~~~~~~~~~^^^^^^^^^^^^^^^^^^^^^^^^^^^^^^^^^^^^^^^^^^^^^^^^^
  File "renpy/python.py", line 1273, in py_exec_bytecode
    exec(bytecode, globals, locals)
    ~~~~^^^^^^^^^^^^^^^^^^^^^^^^^^^
  File "renpy/common/00keymap.rpy", line 504, in <module>
    python hide:
  File "renpy/common/00keymap.rpy", line 531, in _execute_python_hide
    renpy.save("_reload-1", "reload save game")
    ~~~~~~~~~~^^^^^^^^^^^^^^^^^^^^^^^^^^^^^^^^^
  File "renpy/loadsave.py", line 184, in save
    dump((roots, renpy.game.log), logf)
    ~~~~^^^^^^^^^^^^^^^^^^^^^^^^^^^^^^^
  File "renpy/compat/pickle.py", line 308, in dump
    pickle.dump(o, f, pickle.HIGHEST_PROTOCOL if highest else PROTOCOL)
    ~~~~~~~~~~~^^^^^^^^^^^^^^^^^^^^^^^^^^^^^^^^^^^^^^^^^^^^^^^^^^^^^^^^
_pickle.PicklingError: Can't pickle <function player_sprite at 0x0000000008955c60>: it's not the same object as store.player_sprite

During handling of the above exception, another exception occurred:

Traceback (most recent call last):
  File "renpy/common/00keymap.rpy", line 504, in script
    python hide:
  File "renpy/ast.py", line 1187, in execute
    renpy.python.py_exec_bytecode(self.code.bytecode, self.hide, store=self.store)
    ~~~~~~~~~~~~~~~~~~~~~~~~~~~~~^^^^^^^^^^^^^^^^^^^^^^^^^^^^^^^^^^^^^^^^^^^^^^^^^
  File "renpy/python.py", line 1273, in py_exec_bytecode
    exec(bytecode, globals, locals)
    ~~~~^^^^^^^^^^^^^^^^^^^^^^^^^^^
  File "renpy/common/00keymap.rpy", line 504, in <module>
    python hide:
  File "renpy/common/00keymap.rpy", line 531, in _execute_python_hide
    renpy.save("_reload-1", "reload save game")
    ~~~~~~~~~~^^^^^^^^^^^^^^^^^^^^^^^^^^^^^^^^^
  File "renpy/loadsave.py", line 184, in save
    dump((roots, renpy.game.log), logf)
    ~~~~^^^^^^^^^^^^^^^^^^^^^^^^^^^^^^^
  File "renpy/compat/pickle.py", line 308, in dump
    pickle.dump(o, f, pickle.HIGHEST_PROTOCOL if highest else PROTOCOL)
    ~~~~~~~~~~~^^^^^^^^^^^^^^^^^^^^^^^^^^^^^^^^^^^^^^^^^^^^^^^^^^^^^^^^
_pickle.PicklingError: Can't pickle <function player_sprite at 0x0000000008955c60>: it's not the same object as store.player_sprite

During handling of the above exception, another exception occurred:

Traceback (most recent call last):
  File "renpy/common/00keymap.rpy", line 504, in script
    python hide:
  File "renpy/ast.py", line 1187, in execute
    renpy.python.py_exec_bytecode(self.code.bytecode, self.hide, store=self.store)
    ~~~~~~~~~~~~~~~~~~~~~~~~~~~~~^^^^^^^^^^^^^^^^^^^^^^^^^^^^^^^^^^^^^^^^^^^^^^^^^
  File "renpy/python.py", line 1273, in py_exec_bytecode
    exec(bytecode, globals, locals)
    ~~~~^^^^^^^^^^^^^^^^^^^^^^^^^^^
  File "renpy/common/00keymap.rpy", line 504, in <module>
    python hide:
  File "renpy/common/00keymap.rpy", line 531, in _execute_python_hide
    renpy.save("_reload-1", "reload save game")
    ~~~~~~~~~~^^^^^^^^^^^^^^^^^^^^^^^^^^^^^^^^^
  File "renpy/loadsave.py", line 184, in save
    dump((roots, renpy.game.log), logf)
    ~~~~^^^^^^^^^^^^^^^^^^^^^^^^^^^^^^^
  File "renpy/compat/pickle.py", line 308, in dump
    pickle.dump(o, f, pickle.HIGHEST_PROTOCOL if highest else PROTOCOL)
    ~~~~~~~~~~~^^^^^^^^^^^^^^^^^^^^^^^^^^^^^^^^^^^^^^^^^^^^^^^^^^^^^^^^
_pickle.PicklingError: Can't pickle <function player_sprite at 0x0000000008955c60>: it's not the same object as store.player_sprite

Windows-11-10.0.22631-SP0 AMD64
Ren'Py 8.5.2.26010301
FantomWorks 1.0
Mon Feb  2 22:12:34 2026
